<?xml version="1.0" encoding="UTF-8"?>
<!-- Generated by org.testng.reporters.JUnitXMLReporter -->
<testsuite ignored="2" hostname="Tausif" failures="1" tests="1" name="Surefire test" time="17.303" errors="0" timestamp="23 Sep 2024 18:40:53 GMT">
  <testcase classname="com.qa.CargoesCommuity.Tests.LoginTest" name="LoginWithValidCreds" time="7.516">
    <failure type="com.microsoft.playwright.PlaywrightException" message="Error {
  message=&amp;apos;Target closed
=========================== logs ===========================
waiting for selector &amp;quot;//input[@id=&amp;apos;username&amp;apos;]&amp;quot;
============================================================
  name=&amp;apos;Error
  stack=&amp;apos;Error: Target closed
=========================== logs ===========================
waiting for selector &amp;quot;//input[@id=&amp;apos;username&amp;apos;]&amp;quot;
============================================================
    at C:\Users\tausi\AppData\Local\Temp\playwright-java-16740682782411602580\package\lib\server\chromium\crConnection.js:204:16
    at new Promise (&amp;lt;anonymous&amp;gt;)
    at CRSession.send (C:\Users\tausi\AppData\Local\Temp\playwright-java-16740682782411602580\package\lib\server\chromium\crConnection.js:200:12)
    at CRExecutionContext.evaluateWithArguments (C:\Users\tausi\AppData\Local\Temp\playwright-java-16740682782411602580\package\lib\server\chromium\crExecutionContext.js:89:28)
    at FrameExecutionContext.evaluateWithArguments (C:\Users\tausi\AppData\Local\Temp\playwright-java-16740682782411602580\package\lib\server\javascript.js:73:61)
    at evaluateExpression (C:\Users\tausi\AppData\Local\Temp\playwright-java-16740682782411602580\package\lib\server\javascript.js:264:26)
    at async InjectedScriptPollHandler.finishHandle (C:\Users\tausi\AppData\Local\Temp\playwright-java-16740682782411602580\package\lib\server\dom.js:985:22)
    at async RerunnableTask.rerun (C:\Users\tausi\AppData\Local\Temp\playwright-java-16740682782411602580\package\lib\server\frames.js:1754:73)
}">
      <![CDATA[com.microsoft.playwright.PlaywrightException: Error {
  message='Target closed
=========================== logs ===========================
waiting for selector "//input[@id='username']"
============================================================
  name='Error
  stack='Error: Target closed
=========================== logs ===========================
waiting for selector "//input[@id='username']"
============================================================
    at C:\Users\tausi\AppData\Local\Temp\playwright-java-16740682782411602580\package\lib\server\chromium\crConnection.js:204:16
    at new Promise (<anonymous>)
    at CRSession.send (C:\Users\tausi\AppData\Local\Temp\playwright-java-16740682782411602580\package\lib\server\chromium\crConnection.js:200:12)
    at CRExecutionContext.evaluateWithArguments (C:\Users\tausi\AppData\Local\Temp\playwright-java-16740682782411602580\package\lib\server\chromium\crExecutionContext.js:89:28)
    at FrameExecutionContext.evaluateWithArguments (C:\Users\tausi\AppData\Local\Temp\playwright-java-16740682782411602580\package\lib\server\javascript.js:73:61)
    at evaluateExpression (C:\Users\tausi\AppData\Local\Temp\playwright-java-16740682782411602580\package\lib\server\javascript.js:264:26)
    at async InjectedScriptPollHandler.finishHandle (C:\Users\tausi\AppData\Local\Temp\playwright-java-16740682782411602580\package\lib\server\dom.js:985:22)
    at async RerunnableTask.rerun (C:\Users\tausi\AppData\Local\Temp\playwright-java-16740682782411602580\package\lib\server\frames.js:1754:73)
}
at com.microsoft.playwright.impl.WaitableResult.get(WaitableResult.java:54)
at com.microsoft.playwright.impl.ChannelOwner.runUntil(ChannelOwner.java:103)
at com.microsoft.playwright.impl.Connection.sendMessage(Connection.java:105)
at com.microsoft.playwright.impl.ChannelOwner.sendMessage(ChannelOwner.java:94)
at com.microsoft.playwright.impl.FrameImpl.fillImpl(FrameImpl.java:339)
at com.microsoft.playwright.impl.PageImpl.lambda$fill$27(PageImpl.java:708)
at com.microsoft.playwright.impl.LoggingSupport.lambda$withLogging$0(LoggingSupport.java:36)
at com.microsoft.playwright.impl.LoggingSupport.withLogging(LoggingSupport.java:47)
at com.microsoft.playwright.impl.ChannelOwner.withLogging(ChannelOwner.java:79)
at com.microsoft.playwright.impl.LoggingSupport.withLogging(LoggingSupport.java:35)
at com.microsoft.playwright.impl.PageImpl.fill(PageImpl.java:707)
at com.microsoft.playwright.Page.fill(Page.java:4063)
at com.qa.CargoesCommunity.pages.LoginPage.Login(LoginPage.java:35)
at com.qa.CargoesCommuity.Tests.LoginTest.LoginWithValidCreds(LoginTest.java:20)
Caused by: com.microsoft.playwright.impl.DriverException: Error {
  message='Target closed
=========================== logs ===========================
waiting for selector "//input[@id='username']"
============================================================
  name='Error
  stack='Error: Target closed
=========================== logs ===========================
waiting for selector "//input[@id='username']"
============================================================
    at C:\Users\tausi\AppData\Local\Temp\playwright-java-16740682782411602580\package\lib\server\chromium\crConnection.js:204:16
    at new Promise (<anonymous>)
    at CRSession.send (C:\Users\tausi\AppData\Local\Temp\playwright-java-16740682782411602580\package\lib\server\chromium\crConnection.js:200:12)
    at CRExecutionContext.evaluateWithArguments (C:\Users\tausi\AppData\Local\Temp\playwright-java-16740682782411602580\package\lib\server\chromium\crExecutionContext.js:89:28)
    at FrameExecutionContext.evaluateWithArguments (C:\Users\tausi\AppData\Local\Temp\playwright-java-16740682782411602580\package\lib\server\javascript.js:73:61)
    at evaluateExpression (C:\Users\tausi\AppData\Local\Temp\playwright-java-16740682782411602580\package\lib\server\javascript.js:264:26)
    at async InjectedScriptPollHandler.finishHandle (C:\Users\tausi\AppData\Local\Temp\playwright-java-16740682782411602580\package\lib\server\dom.js:985:22)
    at async RerunnableTask.rerun (C:\Users\tausi\AppData\Local\Temp\playwright-java-16740682782411602580\package\lib\server\frames.js:1754:73)
}
at com.microsoft.playwright.impl.Connection.dispatch(Connection.java:183)
at com.microsoft.playwright.impl.Connection.processOneMessage(Connection.java:163)
at com.microsoft.playwright.impl.ChannelOwner.runUntil(ChannelOwner.java:101)
... 42 more
... Removed 30 stack frames]]>
    </failure>
  </testcase> <!-- LoginWithValidCreds -->
  <testcase classname="com.qa.CargoesComunity.Base.BaseTest" name="@AfterTest tearDown" time="0.0">
    <ignored/>
  </testcase> <!-- @AfterTest tearDown -->
  <testcase classname="com.qa.CargoesComunity.Base.BaseTest" name="@BeforeTest setup" time="0.0">
    <ignored/>
  </testcase> <!-- @BeforeTest setup -->
</testsuite> <!-- Surefire test -->
