<?xml version="1.0" encoding="UTF-8"?>
<testsuite xmlns:xsi="http://www.w3.org/2001/XMLSchema-instance" xsi:noNamespaceSchemaLocation="https://maven.apache.org/surefire/maven-surefire-plugin/xsd/surefire-test-report.xsd" name="TestSuite" time="17.891" tests="1" errors="0" skipped="0" failures="1">
  <properties>
[...]
</properties>
  <testcase name="LoginWithValidCreds" classname="com.qa.CargoesCommuity.Tests.LoginTest" time="7.531">
    <failure message="Error {&#10;  message=&apos;Target closed&#10;=========================== logs ===========================&#10;waiting for selector &quot;//input[@id=&apos;username&apos;]&quot;&#10;============================================================&#10;  name=&apos;Error&#10;  stack=&apos;Error: Target closed&#10;=========================== logs ===========================&#10;waiting for selector &quot;//input[@id=&apos;username&apos;]&quot;&#10;============================================================&#10;    at C:\Users\tausi\AppData\Local\Temp\playwright-java-16740682782411602580\package\lib\server\chromium\crConnection.js:204:16&#10;    at new Promise (&lt;anonymous&gt;)&#10;    at CRSession.send (C:\Users\tausi\AppData\Local\Temp\playwright-java-16740682782411602580\package\lib\server\chromium\crConnection.js:200:12)&#10;    at CRExecutionContext.evaluateWithArguments (C:\Users\tausi\AppData\Local\Temp\playwright-java-16740682782411602580\package\lib\server\chromium\crExecutionContext.js:89:28)&#10;    at FrameExecutionContext.evaluateWithArguments (C:\Users\tausi\AppData\Local\Temp\playwright-java-16740682782411602580\package\lib\server\javascript.js:73:61)&#10;    at evaluateExpression (C:\Users\tausi\AppData\Local\Temp\playwright-java-16740682782411602580\package\lib\server\javascript.js:264:26)&#10;    at async InjectedScriptPollHandler.finishHandle (C:\Users\tausi\AppData\Local\Temp\playwright-java-16740682782411602580\package\lib\server\dom.js:985:22)&#10;    at async RerunnableTask.rerun (C:\Users\tausi\AppData\Local\Temp\playwright-java-16740682782411602580\package\lib\server\frames.js:1754:73)&#10;}" type="com.microsoft.playwright.PlaywrightException"><![CDATA[com.microsoft.playwright.PlaywrightException: 
Error {
  message='Target closed
=========================== logs ===========================
waiting for selector "//input[@id='username']"
============================================================
  name='Error
  stack='Error: Target closed
=========================== logs ===========================
waiting for selector "//input[@id='username']"
============================================================
    at C:\Users\tausi\AppData\Local\Temp\playwright-java-16740682782411602580\package\lib\server\chromium\crConnection.js:204:16
    at new Promise (<anonymous>)
    at CRSession.send (C:\Users\tausi\AppData\Local\Temp\playwright-java-16740682782411602580\package\lib\server\chromium\crConnection.js:200:12)
    at CRExecutionContext.evaluateWithArguments (C:\Users\tausi\AppData\Local\Temp\playwright-java-16740682782411602580\package\lib\server\chromium\crExecutionContext.js:89:28)
    at FrameExecutionContext.evaluateWithArguments (C:\Users\tausi\AppData\Local\Temp\playwright-java-16740682782411602580\package\lib\server\javascript.js:73:61)
    at evaluateExpression (C:\Users\tausi\AppData\Local\Temp\playwright-java-16740682782411602580\package\lib\server\javascript.js:264:26)
    at async InjectedScriptPollHandler.finishHandle (C:\Users\tausi\AppData\Local\Temp\playwright-java-16740682782411602580\package\lib\server\dom.js:985:22)
    at async RerunnableTask.rerun (C:\Users\tausi\AppData\Local\Temp\playwright-java-16740682782411602580\package\lib\server\frames.js:1754:73)
}
	at com.qa.CargoesCommuity.Tests.LoginTest.LoginWithValidCreds(LoginTest.java:20)
Caused by: com.microsoft.playwright.impl.DriverException: 
Error {
  message='Target closed
=========================== logs ===========================
waiting for selector "//input[@id='username']"
============================================================
  name='Error
  stack='Error: Target closed
=========================== logs ===========================
waiting for selector "//input[@id='username']"
============================================================
    at C:\Users\tausi\AppData\Local\Temp\playwright-java-16740682782411602580\package\lib\server\chromium\crConnection.js:204:16
    at new Promise (<anonymous>)
    at CRSession.send (C:\Users\tausi\AppData\Local\Temp\playwright-java-16740682782411602580\package\lib\server\chromium\crConnection.js:200:12)
    at CRExecutionContext.evaluateWithArguments (C:\Users\tausi\AppData\Local\Temp\playwright-java-16740682782411602580\package\lib\server\chromium\crExecutionContext.js:89:28)
    at FrameExecutionContext.evaluateWithArguments (C:\Users\tausi\AppData\Local\Temp\playwright-java-16740682782411602580\package\lib\server\javascript.js:73:61)
    at evaluateExpression (C:\Users\tausi\AppData\Local\Temp\playwright-java-16740682782411602580\package\lib\server\javascript.js:264:26)
    at async InjectedScriptPollHandler.finishHandle (C:\Users\tausi\AppData\Local\Temp\playwright-java-16740682782411602580\package\lib\server\dom.js:985:22)
    at async RerunnableTask.rerun (C:\Users\tausi\AppData\Local\Temp\playwright-java-16740682782411602580\package\lib\server\frames.js:1754:73)
}
	at com.qa.CargoesCommuity.Tests.LoginTest.LoginWithValidCreds(LoginTest.java:20)
]]></failure>
    <system-out><![CDATA[The browser name is chromium
]]></system-out>
  </testcase>
</testsuite>